.\Debug\sieve.ilk
.\Debug\sieve.pdb
C:\Users\brann\Documents\Visual Studio 2010\Projects\program1_sieve_asm_and_C\_sieve_C\.\Debug\sieve.exe
C:\Users\brann\Documents\Visual Studio 2010\Projects\program1_sieve_asm_and_C\_sieve_C\.\Debug\sieve.exe.intermediate.manifest
C:\Users\brann\Documents\Visual Studio 2010\Projects\program1_sieve_asm_and_C\_sieve_C\Debug\cl.command.1.tlog
C:\Users\brann\Documents\Visual Studio 2010\Projects\program1_sieve_asm_and_C\_sieve_C\Debug\CL.read.1.tlog
C:\Users\brann\Documents\Visual Studio 2010\Projects\program1_sieve_asm_and_C\_sieve_C\Debug\CL.write.1.tlog
C:\Users\brann\Documents\Visual Studio 2010\Projects\program1_sieve_asm_and_C\_sieve_C\Debug\link.4716.read.1.tlog
C:\Users\brann\Documents\Visual Studio 2010\Projects\program1_sieve_asm_and_C\_sieve_C\Debug\link.4716.write.1.tlog
C:\Users\brann\Documents\Visual Studio 2010\Projects\program1_sieve_asm_and_C\_sieve_C\Debug\link.4716-cvtres.read.1.tlog
C:\Users\brann\Documents\Visual Studio 2010\Projects\program1_sieve_asm_and_C\_sieve_C\Debug\link.4716-cvtres.write.1.tlog
C:\Users\brann\Documents\Visual Studio 2010\Projects\program1_sieve_asm_and_C\_sieve_C\Debug\link.command.1.tlog
C:\Users\brann\Documents\Visual Studio 2010\Projects\program1_sieve_asm_and_C\_sieve_C\Debug\link.read.1.tlog
C:\Users\brann\Documents\Visual Studio 2010\Projects\program1_sieve_asm_and_C\_sieve_C\Debug\link.write.1.tlog
C:\Users\brann\Documents\Visual Studio 2010\Projects\program1_sieve_asm_and_C\_sieve_C\Debug\link-cvtres.read.1.tlog
C:\Users\brann\Documents\Visual Studio 2010\Projects\program1_sieve_asm_and_C\_sieve_C\Debug\link-cvtres.write.1.tlog
C:\Users\brann\Documents\Visual Studio 2010\Projects\program1_sieve_asm_and_C\_sieve_C\Debug\mt.command.1.tlog
C:\Users\brann\Documents\Visual Studio 2010\Projects\program1_sieve_asm_and_C\_sieve_C\Debug\mt.read.1.tlog
C:\Users\brann\Documents\Visual Studio 2010\Projects\program1_sieve_asm_and_C\_sieve_C\Debug\mt.write.1.tlog
C:\Users\brann\Documents\Visual Studio 2010\Projects\program1_sieve_asm_and_C\_sieve_C\Debug\rc.command.1.tlog
C:\Users\brann\Documents\Visual Studio 2010\Projects\program1_sieve_asm_and_C\_sieve_C\Debug\rc.read.1.tlog
C:\Users\brann\Documents\Visual Studio 2010\Projects\program1_sieve_asm_and_C\_sieve_C\Debug\rc.write.1.tlog
C:\USERS\BRANN\DOCUMENTS\VISUAL STUDIO 2010\PROJECTS\PROGRAM1_SIEVE_ASM_AND_C\_SIEVE_C\DEBUG\SIEVE.EXE
C:\USERS\BRANN\DOCUMENTS\VISUAL STUDIO 2010\PROJECTS\PROGRAM1_SIEVE_ASM_AND_C\_SIEVE_C\DEBUG\SIEVE.EXE.EMBED.MANIFEST
C:\USERS\BRANN\DOCUMENTS\VISUAL STUDIO 2010\PROJECTS\PROGRAM1_SIEVE_ASM_AND_C\_SIEVE_C\DEBUG\SIEVE.EXE.EMBED.MANIFEST.RES
C:\USERS\BRANN\DOCUMENTS\VISUAL STUDIO 2010\PROJECTS\PROGRAM1_SIEVE_ASM_AND_C\_SIEVE_C\DEBUG\SIEVE.EXE.INTERMEDIATE.MANIFEST
C:\USERS\BRANN\DOCUMENTS\VISUAL STUDIO 2010\PROJECTS\PROGRAM1_SIEVE_ASM_AND_C\_SIEVE_C\DEBUG\SIEVE.ILK
C:\USERS\BRANN\DOCUMENTS\VISUAL STUDIO 2010\PROJECTS\PROGRAM1_SIEVE_ASM_AND_C\_SIEVE_C\DEBUG\SIEVE.OBJ
C:\USERS\BRANN\DOCUMENTS\VISUAL STUDIO 2010\PROJECTS\PROGRAM1_SIEVE_ASM_AND_C\_SIEVE_C\DEBUG\SIEVE.PDB
C:\Users\brann\Documents\Visual Studio 2010\Projects\program1_sieve_asm_and_C\_sieve_C\Debug\sieve.write.1.tlog
C:\Users\brann\Documents\Visual Studio 2010\Projects\program1_sieve_asm_and_C\_sieve_C\Debug\sieve_manifest.rc
C:\Users\brann\Documents\Visual Studio 2010\Projects\program1_sieve_asm_and_C\_sieve_C\Debug\vc100.idb
C:\USERS\BRANN\DOCUMENTS\VISUAL STUDIO 2010\PROJECTS\PROGRAM1_SIEVE_ASM_AND_C\_SIEVE_C\DEBUG\VC100.PDB
