Build started 9/18/2016 1:03:04 PM.
     1>Project "C:\Users\brann\Documents\Visual Studio 2010\Projects\program1_sieve_asm_and_C\_sieve_C\sieve.vcxproj" on node 2 (rebuild target(s)).
     1>_PrepareForClean:
         Deleting file ".\Debug\sieve.lastbuildstate".
       InitializeBuildStatus:
         Creating ".\Debug\sieve.unsuccessfulbuild" because "AlwaysCreate" was specified.
       ClCompile:
         C:\Program Files (x86)\Microsoft Visual Studio 10.0\VC\bin\CL.exe /c /ZI /nologo /W3 /WX- /Od /Oy- /D WIN32 /D _DEBUG /D _CONSOLE /D _VC80_UPGRADE=0x0600 /D _MBCS /D _AFXDLL /Gm /EHsc /RTC1 /MDd /GS /Gy- /fp:precise /Zc:wchar_t /Zc:forScope /Fo".\Debug\\" /Fd".\Debug\vc100.pdb" /Gd /TC /analyze- /errorReport:prompt sieve.c
         sieve.c
       ManifestResourceCompile:
         C:\Program Files (x86)\Microsoft SDKs\Windows\v7.0A\bin\rc.exe /nologo /fo".\Debug\sieve.exe.embed.manifest.res" .\Debug\sieve_manifest.rc 
       Link:
         C:\Program Files (x86)\Microsoft Visual Studio 10.0\VC\bin\link.exe /ERRORREPORT:PROMPT /OUT:".\Debug\sieve.exe" /INCREMENTAL /NOLOGO /MANIFEST /ManifestFile:".\Debug\sieve.exe.intermediate.manifest" /MANIFESTUAC:"level='asInvoker' uiAccess='false'" /DEBUG /PDB:"C:\Users\brann\Documents\Visual Studio 2010\Projects\program1_sieve_asm_and_C\_sieve_C\Debug\sieve.pdb" /SUBSYSTEM:CONSOLE /TLBID:1 /DYNAMICBASE /NXCOMPAT /IMPLIB:".\Debug\sieve.lib" /MACHINE:X86 .\Debug\sieve.exe.embed.manifest.res
         .\Debug\sieve.obj
       Manifest:
         Deleting file ".\Debug\sieve.exe.embed.manifest".
         C:\Program Files (x86)\Microsoft SDKs\Windows\v7.0A\bin\mt.exe /nologo /verbose /out:".\Debug\sieve.exe.embed.manifest" /manifest .\Debug\sieve.exe.intermediate.manifest "C:\Program Files (x86)\Microsoft Visual Studio 10.0\VC\Include\Manifest\dpiaware.manifest"
         C:\Program Files (x86)\Microsoft SDKs\Windows\v7.0A\bin\rc.exe /nologo /fo".\Debug\sieve.exe.embed.manifest.res" .\Debug\sieve_manifest.rc 
       LinkEmbedManifest:
         C:\Program Files (x86)\Microsoft Visual Studio 10.0\VC\bin\link.exe /ERRORREPORT:PROMPT /OUT:".\Debug\sieve.exe" /INCREMENTAL /NOLOGO /MANIFEST /ManifestFile:".\Debug\sieve.exe.intermediate.manifest" /MANIFESTUAC:"level='asInvoker' uiAccess='false'" /DEBUG /PDB:"C:\Users\brann\Documents\Visual Studio 2010\Projects\program1_sieve_asm_and_C\_sieve_C\Debug\sieve.pdb" /SUBSYSTEM:CONSOLE /TLBID:1 /DYNAMICBASE /NXCOMPAT /IMPLIB:".\Debug\sieve.lib" /MACHINE:X86 .\Debug\sieve.exe.embed.manifest.res
         .\Debug\sieve.obj
         sieve.vcxproj -> C:\Users\brann\Documents\Visual Studio 2010\Projects\program1_sieve_asm_and_C\_sieve_C\.\Debug\sieve.exe
       FinalizeBuildStatus:
         Deleting file ".\Debug\sieve.unsuccessfulbuild".
         Touching ".\Debug\sieve.lastbuildstate".
     1>Done Building Project "C:\Users\brann\Documents\Visual Studio 2010\Projects\program1_sieve_asm_and_C\_sieve_C\sieve.vcxproj" (rebuild target(s)).

Build succeeded.

Time Elapsed 00:00:02.06
