Microsoft (R) Macro Assembler Version 10.00.30319.01	    09/17/16 18:02:48
sieve.asm						     Page 1 - 1


				; Assembly Language Statements
				; Program to find all prime numbers between 2 and 10,000 using the Sieve of Eratosthenes
				; Author: Brannon R. Brakefield    Date: September 2016

				.586
				.MODEL FLAT
				.STACK 4096                         ; reserve 4096-byte stack

 00000000			.DATA                               ; reserve storage for data

 00000000  00002710 [		array   BYTE   10000 DUP(0)
	    00
	   ]
 00002710 00000000		i       DWORD   ?
 00002714 00000000		j       DWORD   ?
 00002718 FFFFFFFF		k       DWORD   -1

 00000000			.CODE                               ; start of main program code
 00000000			_main  PROC

 00000000			driverloop:
				    ; reinitiallize array
 00000000  33 C0		    xor eax, eax                    ; write zero
 00000002  B9 00002710		    mov ecx, 10000                  ; size of array
 00000007  BF 00000000 R	    mov edi, offset array           ; address of array
 0000000C  FC			    cld                             ; clear direction flag
 0000000D  F3/ AA		    rep stosb                       ; set byte to string

				    ; run program 10000 times
 0000000F  FF 05 00002718 R	    inc k                           ; increment most outerloop
 00000015  81 3D 00002718 R	    cmp k,  10000                   ; compare counter to 10000
	   00002710
 0000001F  7F 5C		    jg quit                         ; if value in counter is greater than or equal to 100 jump to quit process

				    ; move starting values into counters
 00000021  C7 05 00002710 R	    mov     i, 2                    ; move 2 into 1st counter
	   00000002
 0000002B  C7 05 00002714 R	    mov     j, 2                    ; move 2 into 2nd counter
	   00000002

 00000035			loop1:
				    ; outer loop
 00000035  81 3D 00002710 R	    cmp     i, 10000                ; comapre 1st counter to 10000
	   00002710
 0000003F  7D BF		    jge     driverloop              ; if greater than or equal to 10,000 quit the program
				      
 00000041			loop2:
				    ; calculate index product 
 00000041  A1 00002710 R	    mov     eax, i                  ; move counter 1 into register
 00000046  F7 25 00002714 R	    mul     j                       ; multiply by value in 2nd counter and store in eax
 0000004C  3D 00002710		    cmp     eax, 10000              ; compare product to 10000
 00000051  7F 18		    jg      loop2Done               ; jump to label2Done if product is greater than 10,000
 00000053  80 B8 00000000 R	    cmp     [array + eax], 0        ; comapare the value at the current array index to zero
	   00
 0000005A  75 07		    jnz     increment_index         ; if it does not equal zero do nothing and jump to increment index
 0000005C  C6 80 00000000 R	    mov     [array + eax], 1        ; otherwise place 1 in the index because the number is composite
	   01

 00000063			increment_index:
				    ; counter logic
 00000063  FF 05 00002714 R	    inc     j                       ; increment 2nd counter
 00000069  EB D6		    jmp     loop2                   ; loop back to beginning of loop

 0000006B			loop2Done:
 0000006B  FF 05 00002710 R	    inc     i                       ; increment outer loop
 00000071  C7 05 00002714 R	    mov     j, 2                    ; reset 2nd counter to 2
	   00000002
 0000007B  EB B8		    jmp     loop1                   ; jump to the begining of first loop


 0000007D			quit:
 0000007D  B8 00000000		    mov     eax, 0                  ; exit with return code 0
 00000082  C3			    ret

 00000083			_main  ENDP

				END
Microsoft (R) Macro Assembler Version 10.00.30319.01	    09/17/16 18:02:48
sieve.asm						     Symbols 2 - 1




Segments and Groups:

                N a m e                 Size     Length   Align   Combine Class

FLAT . . . . . . . . . . . . . .	GROUP
STACK  . . . . . . . . . . . . .	32 Bit	 00001000 Para	  Stack	  'STACK'	 
_DATA  . . . . . . . . . . . . .	32 Bit	 0000271C Para	  Public  'DATA'	
_TEXT  . . . . . . . . . . . . .	32 Bit	 00000083 Para	  Public  'CODE'	


Procedures, parameters, and locals:

                N a m e                 Type     Value    Attr

_main  . . . . . . . . . . . . .	P Near	 00000000 _TEXT	Length= 00000083 Public
  driverloop . . . . . . . . . .	L Near	 00000000 _TEXT	
  loop1  . . . . . . . . . . . .	L Near	 00000035 _TEXT	
  loop2  . . . . . . . . . . . .	L Near	 00000041 _TEXT	
  increment_index  . . . . . . .	L Near	 00000063 _TEXT	
  loop2Done  . . . . . . . . . .	L Near	 0000006B _TEXT	
  quit . . . . . . . . . . . . .	L Near	 0000007D _TEXT	


Symbols:

                N a m e                 Type     Value    Attr

@CodeSize  . . . . . . . . . . .	Number	 00000000h   
@DataSize  . . . . . . . . . . .	Number	 00000000h   
@Interface . . . . . . . . . . .	Number	 00000000h   
@Model . . . . . . . . . . . . .	Number	 00000007h   
@code  . . . . . . . . . . . . .	Text   	 _TEXT
@data  . . . . . . . . . . . . .	Text   	 FLAT
@fardata?  . . . . . . . . . . .	Text   	 FLAT
@fardata . . . . . . . . . . . .	Text   	 FLAT
@stack . . . . . . . . . . . . .	Text   	 FLAT
array  . . . . . . . . . . . . .	Byte	 00000000 _DATA	
i  . . . . . . . . . . . . . . .	DWord	 00002710 _DATA	
j  . . . . . . . . . . . . . . .	DWord	 00002714 _DATA	
k  . . . . . . . . . . . . . . .	DWord	 00002718 _DATA	

	   0 Warnings
	   0 Errors
